<?xml version="1.0" encoding="UTF-8"?>
<!-- Generated by org.testng.reporters.JUnitReportReporter -->
<testsuite hostname="DESKTOP-BGIAH7E" failures="0" tests="1" name="LabExercise.Nonstaticmethod_3" time="38.941" errors="0" timestamp="29 Sep 2021 13:48:21 GMT" skipped="0">
  <testcase classname="LabExercise.Nonstaticmethod_3" name="Nonstatic_Login" time="38.941"/>
</testsuite> <!-- LabExercise.Nonstaticmethod_3 -->
