<?xml version="1.0" encoding="UTF-8"?>
<!-- Generated by org.testng.reporters.JUnitReportReporter -->
<testsuite hostname="DESKTOP-BGIAH7E" failures="0" tests="1" name="Bhiswas11.Program1" time="43.135" errors="0" timestamp="23 Sep 2021 16:45:53 GMT" skipped="0">
  <testcase classname="Bhiswas11.Program1" name="OpenBrowswe" time="43.135"/>
</testsuite> <!-- Bhiswas11.Program1 -->
