<?xml version="1.0" encoding="UTF-8"?>
<!-- Generated by org.testng.reporters.JUnitReportReporter -->
<testsuite hostname="DESKTOP-BGIAH7E" failures="0" tests="1" name="pageObjectModel.Add_Skills" time="23.608" errors="0" timestamp="2021-10-05T15:16:36 IST" skipped="0">
  <testcase classname="pageObjectModel.Add_Skills" name="AddJobs_Login" time="23.608"/>
  <system-out/>
</testsuite> <!-- pageObjectModel.Add_Skills -->
