<?xml version="1.0" encoding="UTF-8"?>
<!-- Generated by org.testng.reporters.JUnitReportReporter -->
<testsuite hostname="DESKTOP-BGIAH7E" failures="0" tests="1" name="Bhiswas11.TC01_Add_jobs" time="17.442" errors="0" timestamp="01 Oct 2021 10:28:50 GMT" skipped="0">
  <testcase classname="Bhiswas11.TC01_Add_jobs" name="Add_jobs_Test" time="17.442"/>
</testsuite> <!-- Bhiswas11.TC01_Add_jobs -->
