<?xml version="1.0" encoding="UTF-8"?>
<!-- Generated by org.testng.reporters.JUnitReportReporter -->
<testsuite hostname="DESKTOP-BGIAH7E" failures="0" tests="1" name="LabExercise.LP10_StaticDataProvider_Excelsheet3" time="0.000" errors="0" timestamp="2021-10-04T16:05:44 IST" skipped="1">
  <testcase classname="LabExercise.LP10_StaticDataProvider_Excelsheet3" name="LoginTest" time="0.000">
    <skipped/>
  </testcase> <!-- LoginTest -->
  <system-out/>
</testsuite> <!-- LabExercise.LP10_StaticDataProvider_Excelsheet3 -->
