<?xml version="1.0" encoding="UTF-8"?>
<!-- Generated by org.testng.reporters.JUnitReportReporter -->
<testsuite hostname="DESKTOP-BGIAH7E" failures="0" tests="1" name="LabExercise.LP05_NonStaticParameters" time="28.644" errors="0" timestamp="30 Sep 2021 05:39:31 GMT" skipped="0">
  <testcase classname="LabExercise.LP05_NonStaticParameters" name="NonstaticPara_Login" time="28.644"/>
</testsuite> <!-- LabExercise.LP05_NonStaticParameters -->
