<?xml version="1.0" encoding="UTF-8"?>
<!-- Generated by org.testng.reporters.JUnitReportReporter -->
<testsuite hostname="DESKTOP-BGIAH7E" failures="0" tests="1" name="LabExercise.LP12_Dropdowns_3M" time="36.984" errors="0" timestamp="30 Sep 2021 11:07:16 GMT" skipped="0">
  <testcase classname="LabExercise.LP12_Dropdowns_3M" name="Test1" time="36.984"/>
</testsuite> <!-- LabExercise.LP12_Dropdowns_3M -->
