<?xml version="1.0" encoding="UTF-8"?>
<!-- Generated by org.testng.reporters.JUnitReportReporter -->
<testsuite hostname="DESKTOP-BGIAH7E" failures="0" tests="3" name="DataProvider.OrangeHRM_DataProvider_Lab3" time="77.916" errors="0" timestamp="26 Sep 2021 06:30:36 GMT" skipped="0">
  <testcase classname="DataProvider.OrangeHRM_DataProvider_Lab3" name="Test1" time="20.552"/>
  <testcase classname="DataProvider.OrangeHRM_DataProvider_Lab3" name="Test1" time="25.767"/>
  <testcase classname="DataProvider.OrangeHRM_DataProvider_Lab3" name="Test1" time="31.597"/>
</testsuite> <!-- DataProvider.OrangeHRM_DataProvider_Lab3 -->
