<?xml version="1.0" encoding="UTF-8"?>
<!-- Generated by org.testng.reporters.JUnitReportReporter -->
<testsuite hostname="DESKTOP-BGIAH7E" failures="0" tests="1" name="Lab_ParalalTesting_Tests.LP01_OpenBrowser" time="11.453" errors="0" timestamp="01 Oct 2021 12:12:41 GMT" skipped="0">
  <testcase classname="Lab_ParalalTesting_Tests.LP01_OpenBrowser" name="test2" time="11.453"/>
</testsuite> <!-- Lab_ParalalTesting_Tests.LP01_OpenBrowser -->
