<?xml version="1.0" encoding="UTF-8"?>
<!-- Generated by org.testng.reporters.JUnitReportReporter -->
<testsuite hostname="DESKTOP-BGIAH7E" failures="0" tests="3" name="LabExercise.LP10_StaticDataProvider3" time="112.796" errors="0" timestamp="30 Sep 2021 10:31:38 GMT" skipped="0">
  <testcase classname="LabExercise.LP10_StaticDataProvider3" name="LoginTest" time="26.036"/>
  <testcase classname="LabExercise.LP10_StaticDataProvider3" name="LoginTest" time="48.915"/>
  <testcase classname="LabExercise.LP10_StaticDataProvider3" name="LoginTest" time="37.845"/>
</testsuite> <!-- LabExercise.LP10_StaticDataProvider3 -->
