<?xml version="1.0" encoding="UTF-8"?>
<!-- Generated by org.testng.reporters.JUnitReportReporter -->
<testsuite hostname="DESKTOP-BGIAH7E" failures="0" tests="1" name="LabExercise.StaticMethodLogin_4" time="53.797" errors="0" timestamp="29 Sep 2021 14:12:55 GMT" skipped="0">
  <testcase classname="LabExercise.StaticMethodLogin_4" name="Static_Login" time="53.797"/>
</testsuite> <!-- LabExercise.StaticMethodLogin_4 -->
