<?xml version="1.0" encoding="UTF-8"?>
<!-- Generated by org.testng.reporters.JUnitReportReporter -->
<testsuite hostname="DESKTOP-BGIAH7E" failures="0" tests="1" name="Javascript.Javascript_practice" time="16.460" errors="0" timestamp="2021-10-06T18:57:07 IST" skipped="0">
  <testcase classname="Javascript.Javascript_practice" name="example" time="16.460"/>
  <system-out/>
</testsuite> <!-- Javascript.Javascript_practice -->
