<?xml version="1.0" encoding="UTF-8"?>
<!-- Generated by org.testng.reporters.JUnitReportReporter -->
<testsuite hostname="DESKTOP-BGIAH7E" failures="0" tests="1" name="Actions.Drag_Drop" time="13.980" errors="0" timestamp="2021-10-06T14:47:46 IST" skipped="0">
  <testcase classname="Actions.Drag_Drop" name="Login_Test" time="13.980"/>
  <system-out/>
</testsuite> <!-- Actions.Drag_Drop -->
