<?xml version="1.0" encoding="UTF-8"?>
<!-- Generated by org.testng.reporters.JUnitReportReporter -->
<testsuite hostname="DESKTOP-BGIAH7E" failures="0" tests="1" name="Bhiswas11.adding" time="0.011" errors="0" timestamp="25 Sep 2021 07:25:53 GMT" skipped="0">
  <testcase classname="Bhiswas11.adding" name="addition" time="0.011"/>
</testsuite> <!-- Bhiswas11.adding -->
