<?xml version="1.0" encoding="UTF-8"?>
<!-- Generated by org.testng.reporters.JUnitReportReporter -->
<testsuite hostname="DESKTOP-BGIAH7E" failures="0" tests="1" name="Day_025_ExcelUtil_Apache_POI.TC05_Excel_Test_xlsx" time="0.013" errors="1" timestamp="2021-10-06T15:04:24 IST" skipped="0">
  <testcase classname="Day_025_ExcelUtil_Apache_POI.TC05_Excel_Test_xlsx" name="hello" time="0.013">
    <error message="Unresolved compilation problems: 
	The type org.apache.poi.ss.usermodel.CellType cannot be resolved. It is indirectly referenced from required .class files
	The import org.apache.poi.common.usermodel.HyperlinkType cannot be resolved
	The import org.apache.poi.ss.usermodel.CellType cannot be resolved
	The method getCellTypeEnum() from the type XSSFCell refers to the missing type CellType
	CellType cannot be resolved to a variable
	The method getCellTypeEnum() from the type XSSFCell refers to the missing type CellType
	CellType cannot be resolved to a variable
	The method setFillPattern(short) in the type CellStyle is not applicable for the arguments (FillPatternType)
	The method setBold(boolean) is undefined for the type Font
	The type org.apache.poi.common.usermodel.HyperlinkType cannot be resolved. It is indirectly referenced from required .class files
	HyperlinkType cannot be resolved to a variable
	The method setFillPattern(short) in the type CellStyle is not applicable for the arguments (FillPatternType)
	The method setBold(boolean) is undefined for the type Font
	The method setFillPattern(short) in the type CellStyle is not applicable for the arguments (FillPatternType)
	The method setBold(boolean) is undefined for the type Font
" type="java.lang.Error">
      <![CDATA[java.lang.Error: Unresolved compilation problems: 
The type org.apache.poi.ss.usermodel.CellType cannot be resolved. It is indirectly referenced from required .class files
The import org.apache.poi.common.usermodel.HyperlinkType cannot be resolved
The import org.apache.poi.ss.usermodel.CellType cannot be resolved
The method getCellTypeEnum() from the type XSSFCell refers to the missing type CellType
CellType cannot be resolved to a variable
The method getCellTypeEnum() from the type XSSFCell refers to the missing type CellType
CellType cannot be resolved to a variable
The method setFillPattern(short) in the type CellStyle is not applicable for the arguments (FillPatternType)
The method setBold(boolean) is undefined for the type Font
The type org.apache.poi.common.usermodel.HyperlinkType cannot be resolved. It is indirectly referenced from required .class files
HyperlinkType cannot be resolved to a variable
The method setFillPattern(short) in the type CellStyle is not applicable for the arguments (FillPatternType)
The method setBold(boolean) is undefined for the type Font
The method setFillPattern(short) in the type CellStyle is not applicable for the arguments (FillPatternType)
The method setBold(boolean) is undefined for the type Font

at ExcelUtil.ExcelApiTest4.<init>(ExcelApiTest4.java:1)
at Day_025_ExcelUtil_Apache_POI.TC05_Excel_Test_xlsx.hello(TC05_Excel_Test_xlsx.java:34)
at java.base/jdk.internal.reflect.NativeMethodAccessorImpl.invoke0(Native Method)
at java.base/jdk.internal.reflect.NativeMethodAccessorImpl.invoke(NativeMethodAccessorImpl.java:62)
at java.base/jdk.internal.reflect.DelegatingMethodAccessorImpl.invoke(DelegatingMethodAccessorImpl.java:43)
at java.base/java.lang.reflect.Method.invoke(Method.java:567)
at org.testng.internal.MethodInvocationHelper.invokeMethod(MethodInvocationHelper.java:133)
at org.testng.internal.TestInvoker.invokeMethod(TestInvoker.java:598)
at org.testng.internal.TestInvoker.invokeTestMethod(TestInvoker.java:173)
at org.testng.internal.MethodRunner.runInSequence(MethodRunner.java:46)
at org.testng.internal.TestInvoker$MethodInvocationAgent.invoke(TestInvoker.java:824)
at org.testng.internal.TestInvoker.invokeTestMethods(TestInvoker.java:146)
at org.testng.internal.TestMethodWorker.invokeTestMethods(TestMethodWorker.java:146)
at org.testng.internal.TestMethodWorker.run(TestMethodWorker.java:128)
at java.base/java.util.ArrayList.forEach(ArrayList.java:1540)
at org.testng.TestRunner.privateRun(TestRunner.java:794)
at org.testng.TestRunner.run(TestRunner.java:596)
at org.testng.SuiteRunner.runTest(SuiteRunner.java:377)
at org.testng.SuiteRunner.runSequentially(SuiteRunner.java:371)
at org.testng.SuiteRunner.privateRun(SuiteRunner.java:332)
at org.testng.SuiteRunner.run(SuiteRunner.java:276)
at org.testng.SuiteRunnerWorker.runSuite(SuiteRunnerWorker.java:53)
at org.testng.SuiteRunnerWorker.run(SuiteRunnerWorker.java:96)
at org.testng.TestNG.runSuitesSequentially(TestNG.java:1212)
at org.testng.TestNG.runSuitesLocally(TestNG.java:1134)
at org.testng.TestNG.runSuites(TestNG.java:1063)
at org.testng.TestNG.run(TestNG.java:1031)
at org.testng.remote.AbstractRemoteTestNG.run(AbstractRemoteTestNG.java:115)
at org.testng.remote.RemoteTestNG.initAndRun(RemoteTestNG.java:251)
at org.testng.remote.RemoteTestNG.main(RemoteTestNG.java:77)
]]>
    </error>
  </testcase> <!-- hello -->
  <system-out/>
</testsuite> <!-- Day_025_ExcelUtil_Apache_POI.TC05_Excel_Test_xlsx -->
