<?xml version="1.0" encoding="UTF-8"?>
<!-- Generated by org.testng.reporters.JUnitReportReporter -->
<testsuite hostname="DESKTOP-BGIAH7E" failures="0" tests="1" name="ABC_Demo5.TC01_Login" time="27.843" errors="0" timestamp="24 Sep 2021 06:24:56 GMT" skipped="0">
  <testcase classname="ABC_Demo5.TC01_Login" name="loginTest" time="27.843"/>
</testsuite> <!-- ABC_Demo5.TC01_Login -->
