<?xml version="1.0" encoding="UTF-8"?>
<!-- Generated by org.testng.reporters.JUnitReportReporter -->
<testsuite hostname="DESKTOP-BGIAH7E" failures="0" tests="1" name="LabPractice.program_1" time="25.912" errors="0" timestamp="29 Sep 2021 03:31:37 GMT" skipped="0">
  <testcase classname="LabPractice.program_1" name="test2" time="25.912"/>
</testsuite> <!-- LabPractice.program_1 -->
