<?xml version="1.0" encoding="UTF-8"?>
<!-- Generated by org.testng.reporters.JUnitReportReporter -->
<testsuite hostname="DESKTOP-BGIAH7E" failures="0" tests="3" name="LabExercise.LP08_StaticDataProvider1" time="69.965" errors="0" timestamp="30 Sep 2021 10:00:25 GMT" skipped="0">
  <testcase classname="LabExercise.LP08_StaticDataProvider1" name="LoginTest" time="24.095"/>
  <testcase classname="LabExercise.LP08_StaticDataProvider1" name="LoginTest" time="22.515"/>
  <testcase classname="LabExercise.LP08_StaticDataProvider1" name="LoginTest" time="23.355"/>
</testsuite> <!-- LabExercise.LP08_StaticDataProvider1 -->
