<?xml version="1.0" encoding="UTF-8"?>
<!-- Generated by org.testng.reporters.JUnitReportReporter -->
<testsuite hostname="DESKTOP-BGIAH7E" failures="0" tests="1" name="Bhiswas11.Dropdown" time="76.028" errors="0" timestamp="26 Sep 2021 04:43:04 GMT" skipped="0">
  <testcase classname="Bhiswas11.Dropdown" name="Test1" time="76.028"/>
</testsuite> <!-- Bhiswas11.Dropdown -->
