<?xml version="1.0" encoding="UTF-8"?>
<!-- Generated by org.testng.reporters.JUnitReportReporter -->
<testsuite hostname="DESKTOP-BGIAH7E" failures="0" tests="3" name="DataProvider.TC01_Login_Static_DataProvider2" time="72.708" errors="0" timestamp="28 Sep 2021 10:50:53 GMT" skipped="0">
  <testcase classname="DataProvider.TC01_Login_Static_DataProvider2" name="loginTest" time="27.802"/>
  <testcase classname="DataProvider.TC01_Login_Static_DataProvider2" name="loginTest" time="21.522"/>
  <testcase classname="DataProvider.TC01_Login_Static_DataProvider2" name="loginTest" time="23.384"/>
</testsuite> <!-- DataProvider.TC01_Login_Static_DataProvider2 -->
