<?xml version="1.0" encoding="UTF-8"?>
<!-- Generated by org.testng.reporters.JUnitReportReporter -->
<testsuite hostname="DESKTOP-BGIAH7E" failures="0" tests="1" name="xpath_HYR.Absolute_Relative_Xpath" time="9.640" errors="0" timestamp="2021-10-08T06:25:39 IST" skipped="0">
  <testcase classname="xpath_HYR.Absolute_Relative_Xpath" name="xpath" time="9.640"/>
  <system-out/>
</testsuite> <!-- xpath_HYR.Absolute_Relative_Xpath -->
