<?xml version="1.0" encoding="UTF-8"?>
<!-- Generated by org.testng.reporters.JUnitReportReporter -->
<testsuite hostname="DESKTOP-BGIAH7E" failures="0" tests="1" name="LabPractice.program_2" time="22.789" errors="0" timestamp="29 Sep 2021 04:59:37 GMT" skipped="0">
  <testcase classname="LabPractice.program_2" name="test1" time="22.789"/>
</testsuite> <!-- LabPractice.program_2 -->
