<?xml version="1.0" encoding="UTF-8"?>
<!-- Generated by org.testng.reporters.JUnitReportReporter -->
<testsuite hostname="DESKTOP-BGIAH7E" failures="0" tests="1" name="labApachePOI.LP1_ExportDataInExcel" time="1.434" errors="0" timestamp="13 Oct 2021 10:27:48 GMT" skipped="0">
  <testcase classname="labApachePOI.LP1_ExportDataInExcel" name="CreateExcel1" time="1.434"/>
</testsuite> <!-- labApachePOI.LP1_ExportDataInExcel -->
