<?xml version="1.0" encoding="UTF-8"?>
<!-- Generated by org.testng.reporters.JUnitReportReporter -->
<testsuite hostname="DESKTOP-BGIAH7E" failures="0" tests="1" name="Bhiswas11.TC01_NonStaticLogin" time="19.002" errors="0" timestamp="24 Sep 2021 06:27:59 GMT" skipped="0">
  <testcase classname="Bhiswas11.TC01_NonStaticLogin" name="loginTest" time="19.002"/>
</testsuite> <!-- Bhiswas11.TC01_NonStaticLogin -->
