<?xml version="1.0" encoding="UTF-8"?>
<!-- Generated by org.testng.reporters.JUnitReportReporter -->
<testsuite hostname="DESKTOP-BGIAH7E" failures="0" tests="1" name="LabExercise.LP06_StaticParameters" time="22.286" errors="0" timestamp="30 Sep 2021 04:48:47 GMT" skipped="0">
  <testcase classname="LabExercise.LP06_StaticParameters" name="StaticPara_Login" time="22.286"/>
</testsuite> <!-- LabExercise.LP06_StaticParameters -->
