<?xml version="1.0" encoding="UTF-8"?>
<!-- Generated by org.testng.reporters.JUnitReportReporter -->
<testsuite hostname="DESKTOP-BGIAH7E" failures="0" tests="1" name="LabExercise.HYR_HandleFrames" time="13.051" errors="0" timestamp="01 Oct 2021 08:36:25 GMT" skipped="0">
  <testcase classname="LabExercise.HYR_HandleFrames" name="Framehandle" time="13.051"/>
</testsuite> <!-- LabExercise.HYR_HandleFrames -->
