<?xml version="1.0" encoding="UTF-8"?>
<!-- Generated by org.testng.reporters.JUnitReportReporter -->
<testsuite hostname="DESKTOP-BGIAH7E" failures="0" tests="1" name="Bhiswas11.Browser_Login" time="59.803" errors="0" timestamp="23 Sep 2021 17:42:22 GMT" skipped="0">
  <testcase classname="Bhiswas11.Browser_Login" name="Login" time="59.803"/>
</testsuite> <!-- Bhiswas11.Browser_Login -->
