<?xml version="1.0" encoding="UTF-8"?>
<!-- Generated by org.testng.reporters.JUnitReportReporter -->
<testsuite hostname="DESKTOP-BGIAH7E" failures="0" tests="1" name="LabExercise.LP02_Addjobs" time="27.472" errors="0" timestamp="30 Sep 2021 05:23:37 GMT" skipped="0">
  <testcase classname="LabExercise.LP02_Addjobs" name="test1" time="27.472"/>
</testsuite> <!-- LabExercise.LP02_Addjobs -->
