<?xml version="1.0" encoding="UTF-8"?>
<!-- Generated by org.testng.reporters.JUnitReportReporter -->
<testsuite hostname="DESKTOP-BGIAH7E" failures="0" tests="1" name="Bhiswas11.EmailableReport" time="23.841" errors="0" timestamp="30 Sep 2021 11:10:52 GMT" skipped="0">
  <testcase classname="Bhiswas11.EmailableReport" name="Add_jobs_Test" time="23.841"/>
</testsuite> <!-- Bhiswas11.EmailableReport -->
