<?xml version="1.0" encoding="UTF-8"?>
<!-- Generated by org.testng.reporters.JUnitReportReporter -->
<testsuite hostname="DESKTOP-BGIAH7E" failures="0" tests="2" name="DataProvider.TC01_Login_Static_DataProvider1" time="85.957" errors="0" timestamp="26 Sep 2021 13:17:09 GMT" skipped="0">
  <testcase classname="DataProvider.TC01_Login_Static_DataProvider1" name="loginTest" time="65.808"/>
  <testcase classname="DataProvider.TC01_Login_Static_DataProvider1" name="loginTest" time="20.149"/>
</testsuite> <!-- DataProvider.TC01_Login_Static_DataProvider1 -->
