<?xml version="1.0" encoding="UTF-8"?>
<!-- Generated by org.testng.reporters.JUnitReportReporter -->
<testsuite hostname="DESKTOP-BGIAH7E" failures="0" tests="1" name="Lab_ParalalTesting_Classes.TC01_Add_jobs" time="37.363" errors="0" timestamp="01 Oct 2021 10:47:34 GMT" skipped="0">
  <testcase classname="Lab_ParalalTesting_Classes.TC01_Add_jobs" name="Add_jobs_Test" time="37.363"/>
</testsuite> <!-- Lab_ParalalTesting_Classes.TC01_Add_jobs -->
