<?xml version="1.0" encoding="UTF-8"?>
<!-- Generated by org.testng.reporters.JUnitReportReporter -->
<testsuite hostname="DESKTOP-BGIAH7E" failures="0" tests="1" name="LabExercise.LP07_Locaters" time="36.402" errors="0" timestamp="30 Sep 2021 08:50:24 GMT" skipped="0">
  <testcase classname="LabExercise.LP07_Locaters" name="test1" time="36.402"/>
</testsuite> <!-- LabExercise.LP07_Locaters -->
