<?xml version="1.0" encoding="UTF-8"?>
<!-- Generated by org.testng.reporters.JUnitReportReporter -->
<testsuite hostname="DESKTOP-BGIAH7E" failures="0" tests="1" name="pageObjectModel.Add_Jobs" time="22.404" errors="0" timestamp="2021-10-05T13:41:07 IST" skipped="0">
  <testcase classname="pageObjectModel.Add_Jobs" name="AddJobs_Login" time="22.404"/>
  <system-out/>
</testsuite> <!-- pageObjectModel.Add_Jobs -->
