<?xml version="1.0" encoding="UTF-8"?>
<!-- Generated by org.testng.reporters.JUnitReportReporter -->
<testsuite hostname="DESKTOP-BGIAH7E" failures="0" tests="1" name="Bhiswas11.Program1_OpenBrowser" time="29.232" errors="0" timestamp="28 Sep 2021 15:54:12 GMT" skipped="0">
  <testcase classname="Bhiswas11.Program1_OpenBrowser" name="OpenBrowser" time="29.232"/>
</testsuite> <!-- Bhiswas11.Program1_OpenBrowser -->
