<?xml version="1.0" encoding="UTF-8"?>
<!-- Generated by org.testng.reporters.JUnitReportReporter -->
<testsuite hostname="DESKTOP-BGIAH7E" failures="0" tests="1" name="Day_025_ExcelUtil_Apache_POI.TC02_Excel_Test_xlsx" time="15.929" errors="0" timestamp="09 Oct 2021 05:29:20 GMT" skipped="0">
  <testcase classname="Day_025_ExcelUtil_Apache_POI.TC02_Excel_Test_xlsx" name="hello" time="15.929"/>
</testsuite> <!-- Day_025_ExcelUtil_Apache_POI.TC02_Excel_Test_xlsx -->
