<?xml version="1.0" encoding="UTF-8"?>
<!-- Generated by org.testng.reporters.JUnitReportReporter -->
<testsuite hostname="DESKTOP-BGIAH7E" failures="0" tests="1" name="Actions.Context_Menu" time="8.034" errors="0" timestamp="2021-10-06T14:09:39 IST" skipped="0">
  <testcase classname="Actions.Context_Menu" name="DoubleClick" time="8.034"/>
  <system-out/>
</testsuite> <!-- Actions.Context_Menu -->
