<?xml version="1.0" encoding="UTF-8"?>
<!-- Generated by org.testng.reporters.JUnitReportReporter -->
<testsuite hostname="DESKTOP-BGIAH7E" failures="0" tests="1" name="Day_028_WebTable_Examples.lab28_Export_WebTable" time="24.882" errors="0" timestamp="11 Oct 2021 14:22:20 GMT" skipped="0">
  <testcase classname="Day_028_WebTable_Examples.lab28_Export_WebTable" name="ExportAllEmployees" time="24.882"/>
</testsuite> <!-- Day_028_WebTable_Examples.lab28_Export_WebTable -->
