<?xml version="1.0" encoding="UTF-8"?>
<!-- Generated by org.testng.reporters.JUnitReportReporter -->
<testsuite hostname="DESKTOP-BGIAH7E" failures="0" tests="1" name="EmailableReports.EmailableReport" time="25.632" errors="0" timestamp="28 Sep 2021 11:00:22 GMT" skipped="0">
  <testcase classname="EmailableReports.EmailableReport" name="Add_jobs_Test" time="25.632"/>
</testsuite> <!-- EmailableReports.EmailableReport -->
