<?xml version="1.0" encoding="UTF-8"?>
<!-- Generated by org.testng.reporters.JUnitReportReporter -->
<testsuite hostname="DESKTOP-BGIAH7E" failures="0" tests="1" name="labApachePOI.Writing_Excel" time="1.430" errors="0" timestamp="13 Oct 2021 11:30:51 GMT" skipped="0">
  <testcase classname="labApachePOI.Writing_Excel" name="test1" time="1.430"/>
</testsuite> <!-- labApachePOI.Writing_Excel -->
