<?xml version="1.0" encoding="UTF-8"?>
<!-- Generated by org.testng.reporters.JUnitReportReporter -->
<testsuite hostname="DESKTOP-BGIAH7E" failures="0" tests="3" name="LabExercise.LP09_StaticDataProvider2" time="69.063" errors="0" timestamp="30 Sep 2021 10:15:22 GMT" skipped="0">
  <testcase classname="LabExercise.LP09_StaticDataProvider2" name="LoginTest" time="22.796"/>
  <testcase classname="LabExercise.LP09_StaticDataProvider2" name="LoginTest" time="22.676"/>
  <testcase classname="LabExercise.LP09_StaticDataProvider2" name="LoginTest" time="23.591"/>
</testsuite> <!-- LabExercise.LP09_StaticDataProvider2 -->
