<?xml version="1.0" encoding="UTF-8"?>
<!-- Generated by org.testng.reporters.JUnitReportReporter -->
<testsuite hostname="DESKTOP-BGIAH7E" failures="0" tests="1" name="LabExercise.LP13_EmailableReport" time="19.431" errors="0" timestamp="30 Sep 2021 12:37:43 GMT" skipped="0">
  <testcase classname="LabExercise.LP13_EmailableReport" name="Add_jobs_Test" time="19.431"/>
</testsuite> <!-- LabExercise.LP13_EmailableReport -->
